<?xml version="1.0" encoding="UTF-8"?>
<coverage generated="1671899236005" clover="3.2.0">
  <project timestamp="1671899236005" name="All files">
    <metrics statements="19" coveredstatements="19" conditionals="18" coveredconditionals="17" methods="7" coveredmethods="7" elements="44" coveredelements="43" complexity="0" loc="19" ncloc="19" packages="1" files="1" classes="1"/>
    <file name="index.js" path="/Users/harrogath/top-project-battleship/index.js">
      <metrics statements="19" coveredstatements="19" conditionals="18" coveredconditionals="17" methods="7" coveredmethods="7"/>
      <line num="4" count="1" type="stmt"/>
      <line num="6" count="2" type="stmt"/>
      <line num="12" count="1" type="stmt"/>
      <line num="15" count="2" type="cond" truecount="1" falsecount="1"/>
      <line num="20" count="1" type="stmt"/>
      <line num="21" count="1" type="stmt"/>
      <line num="24" count="5" type="cond" truecount="2" falsecount="0"/>
      <line num="26" count="7" type="stmt"/>
      <line num="28" count="3" type="stmt"/>
      <line num="31" count="2" type="stmt"/>
      <line num="34" count="2" type="stmt"/>
      <line num="35" count="2" type="stmt"/>
      <line num="36" count="2" type="stmt"/>
      <line num="37" count="2" type="stmt"/>
      <line num="38" count="2" type="stmt"/>
      <line num="39" count="4" type="stmt"/>
      <line num="40" count="8" type="cond" truecount="4" falsecount="0"/>
      <line num="41" count="8" type="cond" truecount="4" falsecount="0"/>
      <line num="44" count="2" type="cond" truecount="4" falsecount="0"/>
    </file>
  </project>
</coverage>
