{"/Users/harrogath/top-project-battleship/index.js": {"path":"/Users/harrogath/top-project-battleship/index.js","statementMap":{"0":{"start":{"line":4,"column":26},"end":{"line":18,"column":1}},"1":{"start":{"line":6,"column":2},"end":{"line":17,"column":4}},"2":{"start":{"line":12,"column":6},"end":{"line":12,"column":33}},"3":{"start":{"line":15,"column":6},"end":{"line":15,"column":56}},"4":{"start":{"line":20,"column":25},"end":{"line":47,"column":1}},"5":{"start":{"line":21,"column":2},"end":{"line":46,"column":4}},"6":{"start":{"line":24,"column":6},"end":{"line":29,"column":7}},"7":{"start":{"line":26,"column":30},"end":{"line":26,"column":51}},"8":{"start":{"line":28,"column":8},"end":{"line":28,"column":54}},"9":{"start":{"line":31,"column":6},"end":{"line":31,"column":51}},"10":{"start":{"line":34,"column":14},"end":{"line":34,"column":26}},"11":{"start":{"line":35,"column":14},"end":{"line":35,"column":26}},"12":{"start":{"line":36,"column":20},"end":{"line":36,"column":24}},"13":{"start":{"line":37,"column":20},"end":{"line":37,"column":24}},"14":{"start":{"line":38,"column":6},"end":{"line":43,"column":7}},"15":{"start":{"line":38,"column":19},"end":{"line":38,"column":20}},"16":{"start":{"line":39,"column":8},"end":{"line":42,"column":9}},"17":{"start":{"line":39,"column":21},"end":{"line":39,"column":22}},"18":{"start":{"line":40,"column":10},"end":{"line":40,"column":60}},"19":{"start":{"line":40,"column":45},"end":{"line":40,"column":60}},"20":{"start":{"line":41,"column":10},"end":{"line":41,"column":60}},"21":{"start":{"line":41,"column":45},"end":{"line":41,"column":60}},"22":{"start":{"line":44,"column":6},"end":{"line":44,"column":47}}},"fnMap":{"0":{"name":"(anonymous_0)","decl":{"start":{"line":4,"column":26},"end":{"line":4,"column":27}},"loc":{"start":{"line":4,"column":43},"end":{"line":18,"column":1}},"line":4},"1":{"name":"(anonymous_1)","decl":{"start":{"line":11,"column":4},"end":{"line":11,"column":5}},"loc":{"start":{"line":11,"column":10},"end":{"line":13,"column":5}},"line":11},"2":{"name":"(anonymous_2)","decl":{"start":{"line":14,"column":4},"end":{"line":14,"column":5}},"loc":{"start":{"line":14,"column":13},"end":{"line":16,"column":5}},"line":14},"3":{"name":"(anonymous_3)","decl":{"start":{"line":20,"column":25},"end":{"line":20,"column":26}},"loc":{"start":{"line":20,"column":31},"end":{"line":47,"column":1}},"line":20},"4":{"name":"(anonymous_4)","decl":{"start":{"line":22,"column":4},"end":{"line":22,"column":5}},"loc":{"start":{"line":22,"column":37},"end":{"line":32,"column":5}},"line":22},"5":{"name":"(anonymous_5)","decl":{"start":{"line":26,"column":23},"end":{"line":26,"column":24}},"loc":{"start":{"line":26,"column":30},"end":{"line":26,"column":51}},"line":26},"6":{"name":"(anonymous_6)","decl":{"start":{"line":33,"column":4},"end":{"line":33,"column":5}},"loc":{"start":{"line":33,"column":37},"end":{"line":45,"column":5}},"line":33}},"branchMap":{"0":{"loc":{"start":{"line":15,"column":13},"end":{"line":15,"column":55}},"type":"cond-expr","locations":[{"start":{"line":15,"column":43},"end":{"line":15,"column":47}},{"start":{"line":15,"column":50},"end":{"line":15,"column":55}}],"line":15},"1":{"loc":{"start":{"line":24,"column":6},"end":{"line":29,"column":7}},"type":"if","locations":[{"start":{"line":24,"column":6},"end":{"line":29,"column":7}},{"start":{},"end":{}}],"line":24},"2":{"loc":{"start":{"line":25,"column":8},"end":{"line":26,"column":52}},"type":"binary-expr","locations":[{"start":{"line":25,"column":8},"end":{"line":25,"column":29}},{"start":{"line":26,"column":8},"end":{"line":26,"column":52}}],"line":25},"3":{"loc":{"start":{"line":40,"column":10},"end":{"line":40,"column":60}},"type":"if","locations":[{"start":{"line":40,"column":10},"end":{"line":40,"column":60}},{"start":{},"end":{}}],"line":40},"4":{"loc":{"start":{"line":40,"column":14},"end":{"line":40,"column":43}},"type":"binary-expr","locations":[{"start":{"line":40,"column":14},"end":{"line":40,"column":21}},{"start":{"line":40,"column":25},"end":{"line":40,"column":43}}],"line":40},"5":{"loc":{"start":{"line":41,"column":10},"end":{"line":41,"column":60}},"type":"if","locations":[{"start":{"line":41,"column":10},"end":{"line":41,"column":60}},{"start":{},"end":{}}],"line":41},"6":{"loc":{"start":{"line":41,"column":14},"end":{"line":41,"column":43}},"type":"binary-expr","locations":[{"start":{"line":41,"column":14},"end":{"line":41,"column":21}},{"start":{"line":41,"column":25},"end":{"line":41,"column":43}}],"line":41},"7":{"loc":{"start":{"line":44,"column":13},"end":{"line":44,"column":46}},"type":"cond-expr","locations":[{"start":{"line":44,"column":34},"end":{"line":44,"column":38}},{"start":{"line":44,"column":41},"end":{"line":44,"column":46}}],"line":44},"8":{"loc":{"start":{"line":44,"column":13},"end":{"line":44,"column":31}},"type":"binary-expr","locations":[{"start":{"line":44,"column":13},"end":{"line":44,"column":20}},{"start":{"line":44,"column":24},"end":{"line":44,"column":31}}],"line":44}},"s":{"0":1,"1":2,"2":1,"3":2,"4":1,"5":1,"6":5,"7":7,"8":3,"9":2,"10":2,"11":2,"12":2,"13":2,"14":2,"15":2,"16":4,"17":4,"18":8,"19":1,"20":8,"21":1,"22":2},"f":{"0":2,"1":1,"2":2,"3":1,"4":5,"5":7,"6":2},"b":{"0":[2,0],"1":[3,2],"2":[5,4],"3":[1,7],"4":[8,4],"5":[1,7],"6":[8,4],"7":[1,1],"8":[2,1]},"_coverageSchema":"1a1c01bbd47fc00a2c39e90264f33305004495a9","hash":"a77f0f0cda5d7ca7452d88bcffa6f9ae85b4f703"}
}
