TN:
SF:index.js
FN:4,(anonymous_0)
FN:11,(anonymous_1)
FN:14,(anonymous_2)
FN:20,(anonymous_3)
FN:22,(anonymous_4)
FN:26,(anonymous_5)
FN:33,(anonymous_6)
FNF:7
FNH:7
FNDA:2,(anonymous_0)
FNDA:1,(anonymous_1)
FNDA:2,(anonymous_2)
FNDA:1,(anonymous_3)
FNDA:5,(anonymous_4)
FNDA:7,(anonymous_5)
FNDA:2,(anonymous_6)
DA:4,1
DA:6,2
DA:12,1
DA:15,2
DA:20,1
DA:21,1
DA:24,5
DA:26,7
DA:28,3
DA:31,2
DA:34,2
DA:35,2
DA:36,2
DA:37,2
DA:38,2
DA:39,4
DA:40,8
DA:41,8
DA:44,2
LF:19
LH:19
BRDA:15,0,0,2
BRDA:15,0,1,0
BRDA:24,1,0,3
BRDA:24,1,1,2
BRDA:25,2,0,5
BRDA:25,2,1,4
BRDA:40,3,0,1
BRDA:40,3,1,7
BRDA:40,4,0,8
BRDA:40,4,1,4
BRDA:41,5,0,1
BRDA:41,5,1,7
BRDA:41,6,0,8
BRDA:41,6,1,4
BRDA:44,7,0,1
BRDA:44,7,1,1
BRDA:44,8,0,2
BRDA:44,8,1,1
BRF:18
BRH:17
end_of_record
